This file contains any messages produced by compilers while
running configure, to aid debugging if configure makes a mistake.

It was created by bin/LDBlockShow configure 1.34, which was
generated by GNU Autoconf 2.63.  Invocation command line was

  $ ./configure --no-create --no-recursion

## --------- ##
## Platform. ##
## --------- ##

hostname = software-install.cngb.sz.hpc
uname -m = x86_64
uname -r = 2.6.32-696.30.1.el6.x86_64
uname -s = Linux
uname -v = #1 SMP Tue May 22 03:28:18 UTC 2018

/usr/bin/uname -p = unknown
/bin/uname -X     = unknown

/bin/arch              = x86_64
/usr/bin/arch -k       = unknown
/usr/convex/getsysinfo = unknown
/usr/bin/hostinfo      = unknown
/bin/machine           = unknown
/usr/bin/oslevel       = unknown
/bin/universe          = unknown

PATH: /opt/openmpi/bin
PATH: /usr/lib64/qt-3.3/bin
PATH: /usr/local/bin
PATH: /bin
PATH: /usr/bin
PATH: /usr/local/sbin
PATH: /usr/sbin
PATH: /sbin
PATH: /opt/bio/ncbi/bin
PATH: /opt/bio/mpiblast/bin
PATH: /opt/bio/EMBOSS/bin
PATH: /opt/bio/clustalw/bin
PATH: /opt/bio/tcoffee/bin
PATH: /opt/bio/hmmer/bin
PATH: /opt/bio/phylip/exe
PATH: /opt/bio/mrbayes
PATH: /opt/bio/fasta
PATH: /opt/bio/glimmer/bin
PATH: /opt/bio/glimmer/scripts
PATH: /opt/bio/gromacs/bin
PATH: /opt/bio/gmap/bin
PATH: /opt/bio/tigr/bin
PATH: /opt/bio/autodocksuite/bin
PATH: /opt/bio/wgs/bin
PATH: /opt/ganglia/bin
PATH: /opt/ganglia/sbin
PATH: /usr/java/latest/bin
PATH: /opt/rocks/bin
PATH: /opt/rocks/sbin
PATH: /opt/condor/bin
PATH: /opt/condor/sbin
PATH: /opt/gridengine/bin/lx-amd64


## ----------- ##
## Core tests. ##
## ----------- ##

configure:1912: checking for a BSD-compatible install
configure:1980: result: /usr/bin/install -c
configure:1991: checking whether build environment is sane
configure:2051: result: yes
configure:2192: checking for a thread-safe mkdir -p
configure:2231: result: /bin/mkdir -p
configure:2244: checking for gawk
configure:2260: found /bin/gawk
configure:2271: result: gawk
configure:2282: checking whether make sets $(MAKE)
configure:2304: result: yes
configure:2394: checking for gawk
configure:2421: result: gawk
configure:2490: checking for g++
configure:2506: found /usr/bin/g++
configure:2517: result: g++
configure:2544: checking for C++ compiler version
configure:2552: g++ --version >&5
g++ (GCC) 4.4.7 20120313 (Red Hat 4.4.7-18)
Copyright (C) 2010 Free Software Foundation, Inc.
This is free software; see the source for copying conditions.  There is NO
warranty; not even for MERCHANTABILITY or FITNESS FOR A PARTICULAR PURPOSE.

configure:2556: $? = 0
configure:2563: g++ -v >&5
Using built-in specs.
Target: x86_64-redhat-linux
Configured with: ../configure --prefix=/usr --mandir=/usr/share/man --infodir=/usr/share/info --with-bugurl=http://bugzilla.redhat.com/bugzilla --enable-bootstrap --enable-shared --enable-threads=posix --enable-checking=release --with-system-zlib --enable-__cxa_atexit --disable-libunwind-exceptions --enable-gnu-unique-object --enable-languages=c,c++,objc,obj-c++,java,fortran,ada --enable-java-awt=gtk --disable-dssi --with-java-home=/usr/lib/jvm/java-1.5.0-gcj-1.5.0.0/jre --enable-libgcj-multifile --enable-java-maintainer-mode --with-ecj-jar=/usr/share/java/eclipse-ecj.jar --disable-libjava-multilib --with-ppl --with-cloog --with-tune=generic --with-arch_32=i686 --build=x86_64-redhat-linux
Thread model: posix
gcc version 4.4.7 20120313 (Red Hat 4.4.7-18) (GCC) 
configure:2567: $? = 0
configure:2574: g++ -V >&5
g++: '-V' option must have argument
configure:2578: $? = 1
configure:2601: checking for C++ compiler default output file name
configure:2623: g++    conftest.cpp  >&5
configure:2627: $? = 0
configure:2665: result: a.out
configure:2684: checking whether the C++ compiler works
configure:2694: ./a.out
configure:2698: $? = 0
configure:2717: result: yes
configure:2724: checking whether we are cross compiling
configure:2726: result: no
configure:2729: checking for suffix of executables
configure:2736: g++ -o conftest    conftest.cpp  >&5
configure:2740: $? = 0
configure:2766: result: 
configure:2772: checking for suffix of object files
configure:2798: g++ -c   conftest.cpp >&5
configure:2802: $? = 0
configure:2827: result: o
configure:2831: checking whether we are using the GNU C++ compiler
configure:2860: g++ -c   conftest.cpp >&5
configure:2867: $? = 0
configure:2884: result: yes
configure:2893: checking whether g++ accepts -g
configure:2923: g++ -c -g  conftest.cpp >&5
configure:2930: $? = 0
configure:3031: result: yes
configure:3065: checking for style of include used by make
configure:3093: result: GNU
configure:3118: checking dependency style of g++
configure:3228: result: gcc3
configure:3297: checking for gcc
configure:3313: found /usr/bin/gcc
configure:3324: result: gcc
configure:3358: checking for C compiler version
configure:3366: gcc --version >&5
gcc (GCC) 4.4.7 20120313 (Red Hat 4.4.7-18)
Copyright (C) 2010 Free Software Foundation, Inc.
This is free software; see the source for copying conditions.  There is NO
warranty; not even for MERCHANTABILITY or FITNESS FOR A PARTICULAR PURPOSE.

configure:3370: $? = 0
configure:3377: gcc -v >&5
Using built-in specs.
Target: x86_64-redhat-linux
Configured with: ../configure --prefix=/usr --mandir=/usr/share/man --infodir=/usr/share/info --with-bugurl=http://bugzilla.redhat.com/bugzilla --enable-bootstrap --enable-shared --enable-threads=posix --enable-checking=release --with-system-zlib --enable-__cxa_atexit --disable-libunwind-exceptions --enable-gnu-unique-object --enable-languages=c,c++,objc,obj-c++,java,fortran,ada --enable-java-awt=gtk --disable-dssi --with-java-home=/usr/lib/jvm/java-1.5.0-gcj-1.5.0.0/jre --enable-libgcj-multifile --enable-java-maintainer-mode --with-ecj-jar=/usr/share/java/eclipse-ecj.jar --disable-libjava-multilib --with-ppl --with-cloog --with-tune=generic --with-arch_32=i686 --build=x86_64-redhat-linux
Thread model: posix
gcc version 4.4.7 20120313 (Red Hat 4.4.7-18) (GCC) 
configure:3381: $? = 0
configure:3388: gcc -V >&5
gcc: '-V' option must have argument
configure:3392: $? = 1
configure:3395: checking whether we are using the GNU C compiler
configure:3424: gcc -c   conftest.c >&5
configure:3431: $? = 0
configure:3448: result: yes
configure:3457: checking whether gcc accepts -g
configure:3487: gcc -c -g  conftest.c >&5
configure:3494: $? = 0
configure:3595: result: yes
configure:3612: checking for gcc option to accept ISO C89
configure:3686: gcc  -c -g -O2  conftest.c >&5
configure:3693: $? = 0
configure:3716: result: none needed
configure:3736: checking dependency style of gcc
configure:3846: result: gcc3
configure:3866: checking how to run the C preprocessor
configure:3906: gcc -E  conftest.c
configure:3913: $? = 0
configure:3944: gcc -E  conftest.c
conftest.c:10:28: error: ac_nonexistent.h: No such file or directory
configure:3951: $? = 1
configure: failed program was:
| /* confdefs.h.  */
| #define PACKAGE_NAME "bin/LDBlockShow"
| #define PACKAGE_TARNAME "bin-ldblockshow"
| #define PACKAGE_VERSION "1.34"
| #define PACKAGE_STRING "bin/LDBlockShow 1.34"
| #define PACKAGE_BUGREPORT "hewm2008@gmail.com"
| #define PACKAGE "bin/LDBlockShow"
| #define VERSION "1.34"
| /* end confdefs.h.  */
| #include <ac_nonexistent.h>
configure:3984: result: gcc -E
configure:4013: gcc -E  conftest.c
configure:4020: $? = 0
configure:4051: gcc -E  conftest.c
conftest.c:10:28: error: ac_nonexistent.h: No such file or directory
configure:4058: $? = 1
configure: failed program was:
| /* confdefs.h.  */
| #define PACKAGE_NAME "bin/LDBlockShow"
| #define PACKAGE_TARNAME "bin-ldblockshow"
| #define PACKAGE_VERSION "1.34"
| #define PACKAGE_STRING "bin/LDBlockShow 1.34"
| #define PACKAGE_BUGREPORT "hewm2008@gmail.com"
| #define PACKAGE "bin/LDBlockShow"
| #define VERSION "1.34"
| /* end confdefs.h.  */
| #include <ac_nonexistent.h>
configure:4097: checking whether ln -s works
configure:4101: result: yes
configure:4108: checking whether make sets $(MAKE)
configure:4130: result: yes
configure:4182: checking for ranlib
configure:4198: found /usr/bin/ranlib
configure:4209: result: ranlib
configure:4236: checking for main in -lz
configure:4265: gcc -o conftest -g -O2   conftest.c -lz   >&5
configure:4272: $? = 0
configure:4293: result: yes
configure:4312: checking for grep that handles long lines and -e
configure:4372: result: /bin/grep
configure:4377: checking for egrep
configure:4441: result: /bin/grep -E
configure:4446: checking for ANSI C header files
configure:4476: gcc -c -g -O2  conftest.c >&5
configure:4483: $? = 0
configure:4582: gcc -o conftest -g -O2   conftest.c -lz  >&5
configure:4586: $? = 0
configure:4592: ./conftest
configure:4596: $? = 0
configure:4614: result: yes
configure:4638: checking for sys/types.h
configure:4659: gcc -c -g -O2  conftest.c >&5
configure:4666: $? = 0
configure:4683: result: yes
configure:4638: checking for sys/stat.h
configure:4659: gcc -c -g -O2  conftest.c >&5
configure:4666: $? = 0
configure:4683: result: yes
configure:4638: checking for stdlib.h
configure:4659: gcc -c -g -O2  conftest.c >&5
configure:4666: $? = 0
configure:4683: result: yes
configure:4638: checking for string.h
configure:4659: gcc -c -g -O2  conftest.c >&5
configure:4666: $? = 0
configure:4683: result: yes
configure:4638: checking for memory.h
configure:4659: gcc -c -g -O2  conftest.c >&5
configure:4666: $? = 0
configure:4683: result: yes
configure:4638: checking for strings.h
configure:4659: gcc -c -g -O2  conftest.c >&5
configure:4666: $? = 0
configure:4683: result: yes
configure:4638: checking for inttypes.h
configure:4659: gcc -c -g -O2  conftest.c >&5
configure:4666: $? = 0
configure:4683: result: yes
configure:4638: checking for stdint.h
configure:4659: gcc -c -g -O2  conftest.c >&5
configure:4666: $? = 0
configure:4683: result: yes
configure:4638: checking for unistd.h
configure:4659: gcc -c -g -O2  conftest.c >&5
configure:4666: $? = 0
configure:4683: result: yes
configure:4713: checking zlib.h usability
configure:4730: gcc -c -g -O2  conftest.c >&5
configure:4737: $? = 0
configure:4751: result: yes
configure:4755: checking zlib.h presence
configure:4770: gcc -E  conftest.c
configure:4777: $? = 0
configure:4791: result: yes
configure:4824: checking for zlib.h
configure:4833: result: yes
configure:4868: checking math.h usability
configure:4885: gcc -c -g -O2  conftest.c >&5
configure:4892: $? = 0
configure:4906: result: yes
configure:4910: checking math.h presence
configure:4925: gcc -E  conftest.c
configure:4932: $? = 0
configure:4946: result: yes
configure:4979: checking for math.h
configure:4988: result: yes
configure:5026: checking for stdlib.h
configure:5033: result: yes
configure:5172: checking for GNU libc compatible malloc
configure:5206: gcc -o conftest -g -O2   conftest.c -lz  >&5
configure:5210: $? = 0
configure:5216: ./conftest
configure:5220: $? = 0
configure:5237: result: yes
configure:5270: checking for stdlib.h
configure:5277: result: yes
configure:5416: checking for GNU libc compatible realloc
configure:5450: gcc -o conftest -g -O2   conftest.c -lz  >&5
configure:5454: $? = 0
configure:5460: ./conftest
configure:5464: $? = 0
configure:5481: result: yes
configure:5518: checking for memset
configure:5574: gcc -o conftest -g -O2   conftest.c -lz  >&5
conftest.c:50: warning: conflicting types for built-in function 'memset'
configure:5581: $? = 0
configure:5603: result: yes
configure:5518: checking for regcomp
configure:5574: gcc -o conftest -g -O2   conftest.c -lz  >&5
configure:5581: $? = 0
configure:5603: result: yes
configure:5518: checking for sqrt
configure:5574: gcc -o conftest -g -O2   conftest.c -lz  >&5
conftest.c:52: warning: conflicting types for built-in function 'sqrt'
/tmp/ccUWMvXu.o: In function `main':
/hwfssz4/BC_PUB/Pipeline/Install/LDBlockShow-1.34/conftest.c:63: undefined reference to `sqrt'
collect2: ld returned 1 exit status
configure:5581: $? = 1
configure: failed program was:
| /* confdefs.h.  */
| #define PACKAGE_NAME "bin/LDBlockShow"
| #define PACKAGE_TARNAME "bin-ldblockshow"
| #define PACKAGE_VERSION "1.34"
| #define PACKAGE_STRING "bin/LDBlockShow 1.34"
| #define PACKAGE_BUGREPORT "hewm2008@gmail.com"
| #define PACKAGE "bin/LDBlockShow"
| #define VERSION "1.34"
| #define HAVE_LIBZ 1
| #define STDC_HEADERS 1
| #define HAVE_SYS_TYPES_H 1
| #define HAVE_SYS_STAT_H 1
| #define HAVE_STDLIB_H 1
| #define HAVE_STRING_H 1
| #define HAVE_MEMORY_H 1
| #define HAVE_STRINGS_H 1
| #define HAVE_INTTYPES_H 1
| #define HAVE_STDINT_H 1
| #define HAVE_UNISTD_H 1
| #define HAVE_ZLIB_H 1
| #define HAVE_MATH_H 1
| #define HAVE_STDLIB_H 1
| #define HAVE_MALLOC 1
| #define HAVE_STDLIB_H 1
| #define HAVE_REALLOC 1
| #define HAVE_MEMSET 1
| #define HAVE_REGCOMP 1
| /* end confdefs.h.  */
| /* Define sqrt to an innocuous variant, in case <limits.h> declares sqrt.
|    For example, HP-UX 11i <limits.h> declares gettimeofday.  */
| #define sqrt innocuous_sqrt
| 
| /* System header to define __stub macros and hopefully few prototypes,
|     which can conflict with char sqrt (); below.
|     Prefer <limits.h> to <assert.h> if __STDC__ is defined, since
|     <limits.h> exists even on freestanding compilers.  */
| 
| #ifdef __STDC__
| # include <limits.h>
| #else
| # include <assert.h>
| #endif
| 
| #undef sqrt
| 
| /* Override any GCC internal prototype to avoid an error.
|    Use char because int might match the return type of a GCC
|    builtin and then its argument prototype would still apply.  */
| #ifdef __cplusplus
| extern "C"
| #endif
| char sqrt ();
| /* The GNU C library defines this for functions which it implements
|     to always fail with ENOSYS.  Some functions are actually named
|     something starting with __ and the normal name is an alias.  */
| #if defined __stub_sqrt || defined __stub___sqrt
| choke me
| #endif
| 
| int
| main ()
| {
| return sqrt ();
|   ;
|   return 0;
| }
configure:5603: result: no
configure:5518: checking for strdup
configure:5574: gcc -o conftest -g -O2   conftest.c -lz  >&5
conftest.c:52: warning: conflicting types for built-in function 'strdup'
configure:5581: $? = 0
configure:5603: result: yes
configure:5518: checking for strncasecmp
configure:5574: gcc -o conftest -g -O2   conftest.c -lz  >&5
conftest.c:53: warning: conflicting types for built-in function 'strncasecmp'
configure:5581: $? = 0
configure:5603: result: yes
configure:5518: checking for strtol
configure:5574: gcc -o conftest -g -O2   conftest.c -lz  >&5
configure:5581: $? = 0
configure:5603: result: yes
configure:5752: creating ./config.status

## ---------------- ##
## Cache variables. ##
## ---------------- ##

ac_cv_c_compiler_gnu=yes
ac_cv_cxx_compiler_gnu=yes
ac_cv_env_CCC_set=
ac_cv_env_CCC_value=
ac_cv_env_CC_set=
ac_cv_env_CC_value=
ac_cv_env_CFLAGS_set=
ac_cv_env_CFLAGS_value=
ac_cv_env_CPPFLAGS_set=
ac_cv_env_CPPFLAGS_value=
ac_cv_env_CPP_set=
ac_cv_env_CPP_value=
ac_cv_env_CXXFLAGS_set=
ac_cv_env_CXXFLAGS_value=
ac_cv_env_CXX_set=
ac_cv_env_CXX_value=
ac_cv_env_LDFLAGS_set=
ac_cv_env_LDFLAGS_value=
ac_cv_env_LIBS_set=
ac_cv_env_LIBS_value=
ac_cv_env_build_alias_set=
ac_cv_env_build_alias_value=
ac_cv_env_host_alias_set=
ac_cv_env_host_alias_value=
ac_cv_env_target_alias_set=
ac_cv_env_target_alias_value=
ac_cv_func_malloc_0_nonnull=yes
ac_cv_func_memset=yes
ac_cv_func_realloc_0_nonnull=yes
ac_cv_func_regcomp=yes
ac_cv_func_sqrt=no
ac_cv_func_strdup=yes
ac_cv_func_strncasecmp=yes
ac_cv_func_strtol=yes
ac_cv_header_inttypes_h=yes
ac_cv_header_math_h=yes
ac_cv_header_memory_h=yes
ac_cv_header_stdc=yes
ac_cv_header_stdint_h=yes
ac_cv_header_stdlib_h=yes
ac_cv_header_string_h=yes
ac_cv_header_strings_h=yes
ac_cv_header_sys_stat_h=yes
ac_cv_header_sys_types_h=yes
ac_cv_header_unistd_h=yes
ac_cv_header_zlib_h=yes
ac_cv_lib_z_main=yes
ac_cv_objext=o
ac_cv_path_EGREP='/bin/grep -E'
ac_cv_path_GREP=/bin/grep
ac_cv_path_install='/usr/bin/install -c'
ac_cv_path_mkdir=/bin/mkdir
ac_cv_prog_AWK=gawk
ac_cv_prog_CPP='gcc -E'
ac_cv_prog_ac_ct_CC=gcc
ac_cv_prog_ac_ct_CXX=g++
ac_cv_prog_ac_ct_RANLIB=ranlib
ac_cv_prog_cc_c89=
ac_cv_prog_cc_g=yes
ac_cv_prog_cxx_g=yes
ac_cv_prog_make_make_set=yes
am_cv_CC_dependencies_compiler_type=gcc3
am_cv_CXX_dependencies_compiler_type=gcc3

## ----------------- ##
## Output variables. ##
## ----------------- ##

ACLOCAL='${SHELL} /hwfssz4/BC_PUB/Pipeline/Install/LDBlockShow-1.34/missing --run aclocal-1.11'
AMDEPBACKSLASH='\'
AMDEP_FALSE='#'
AMDEP_TRUE=''
AMTAR='${SHELL} /hwfssz4/BC_PUB/Pipeline/Install/LDBlockShow-1.34/missing --run tar'
AUTOCONF='${SHELL} /hwfssz4/BC_PUB/Pipeline/Install/LDBlockShow-1.34/missing --run autoconf'
AUTOHEADER='${SHELL} /hwfssz4/BC_PUB/Pipeline/Install/LDBlockShow-1.34/missing --run autoheader'
AUTOMAKE='${SHELL} /hwfssz4/BC_PUB/Pipeline/Install/LDBlockShow-1.34/missing --run automake-1.11'
AWK='gawk'
CC='gcc'
CCDEPMODE='depmode=gcc3'
CFLAGS='-g -O2'
CPP='gcc -E'
CPPFLAGS=''
CXX='g++'
CXXDEPMODE='depmode=gcc3'
CXXFLAGS='-g -O2'
CYGPATH_W='echo'
DEFS='-DHAVE_CONFIG_H'
DEPDIR='.deps'
ECHO_C=''
ECHO_N='-n'
ECHO_T=''
EGREP='/bin/grep -E'
EXEEXT=''
GREP='/bin/grep'
INSTALL_DATA='${INSTALL} -m 644'
INSTALL_PROGRAM='${INSTALL}'
INSTALL_SCRIPT='${INSTALL}'
INSTALL_STRIP_PROGRAM='$(install_sh) -c -s'
LDFLAGS=''
LIBOBJS=''
LIBS='-lz '
LN_S='ln -s'
LTLIBOBJS=''
MAKEINFO='${SHELL} /hwfssz4/BC_PUB/Pipeline/Install/LDBlockShow-1.34/missing --run makeinfo'
MKDIR_P='/bin/mkdir -p'
OBJEXT='o'
PACKAGE='bin/LDBlockShow'
PACKAGE_BUGREPORT='hewm2008@gmail.com'
PACKAGE_NAME='bin/LDBlockShow'
PACKAGE_STRING='bin/LDBlockShow 1.34'
PACKAGE_TARNAME='bin-ldblockshow'
PACKAGE_VERSION='1.34'
PATH_SEPARATOR=':'
RANLIB='ranlib'
SET_MAKE=''
SHELL='/bin/sh'
STRIP=''
VERSION='1.34'
ac_ct_CC='gcc'
ac_ct_CXX='g++'
am__EXEEXT_FALSE=''
am__EXEEXT_TRUE='#'
am__fastdepCC_FALSE='#'
am__fastdepCC_TRUE=''
am__fastdepCXX_FALSE='#'
am__fastdepCXX_TRUE=''
am__include='include'
am__isrc=''
am__leading_dot='.'
am__quote=''
am__tar='${AMTAR} chof - "$$tardir"'
am__untar='${AMTAR} xf -'
bindir='${exec_prefix}/bin'
build_alias=''
datadir='${datarootdir}'
datarootdir='${prefix}/share'
docdir='${datarootdir}/doc/${PACKAGE_TARNAME}'
dvidir='${docdir}'
exec_prefix='${prefix}'
host_alias=''
htmldir='${docdir}'
includedir='${prefix}/include'
infodir='${datarootdir}/info'
install_sh='${SHELL} /hwfssz4/BC_PUB/Pipeline/Install/LDBlockShow-1.34/install-sh'
libdir='${exec_prefix}/lib'
libexecdir='${exec_prefix}/libexec'
localedir='${datarootdir}/locale'
localstatedir='${prefix}/var'
mandir='${datarootdir}/man'
mkdir_p='/bin/mkdir -p'
oldincludedir='/usr/include'
pdfdir='${docdir}'
prefix='/usr/local'
program_transform_name='s,x,x,'
psdir='${docdir}'
sbindir='${exec_prefix}/sbin'
sharedstatedir='${prefix}/com'
sysconfdir='${prefix}/etc'
target_alias=''

## ----------- ##
## confdefs.h. ##
## ----------- ##

#define PACKAGE_NAME "bin/LDBlockShow"
#define PACKAGE_TARNAME "bin-ldblockshow"
#define PACKAGE_VERSION "1.34"
#define PACKAGE_STRING "bin/LDBlockShow 1.34"
#define PACKAGE_BUGREPORT "hewm2008@gmail.com"
#define PACKAGE "bin/LDBlockShow"
#define VERSION "1.34"
#define HAVE_LIBZ 1
#define STDC_HEADERS 1
#define HAVE_SYS_TYPES_H 1
#define HAVE_SYS_STAT_H 1
#define HAVE_STDLIB_H 1
#define HAVE_STRING_H 1
#define HAVE_MEMORY_H 1
#define HAVE_STRINGS_H 1
#define HAVE_INTTYPES_H 1
#define HAVE_STDINT_H 1
#define HAVE_UNISTD_H 1
#define HAVE_ZLIB_H 1
#define HAVE_MATH_H 1
#define HAVE_STDLIB_H 1
#define HAVE_MALLOC 1
#define HAVE_STDLIB_H 1
#define HAVE_REALLOC 1
#define HAVE_MEMSET 1
#define HAVE_REGCOMP 1
#define HAVE_STRDUP 1
#define HAVE_STRNCASECMP 1
#define HAVE_STRTOL 1

configure: exit 0

## ---------------------- ##
## Running config.status. ##
## ---------------------- ##

This file was extended by bin/LDBlockShow config.status 1.34, which was
generated by GNU Autoconf 2.63.  Invocation command line was

  CONFIG_FILES    = 
  CONFIG_HEADERS  = 
  CONFIG_LINKS    = 
  CONFIG_COMMANDS = 
  $ ./config.status 

on software-install.cngb.sz.hpc

config.status:791: creating Makefile
config.status:791: creating config.h
config.status:1065: executing depfiles commands

## ---------------------- ##
## Running config.status. ##
## ---------------------- ##

This file was extended by bin/LDBlockShow config.status 1.34, which was
generated by GNU Autoconf 2.63.  Invocation command line was

  CONFIG_FILES    = 
  CONFIG_HEADERS  = 
  CONFIG_LINKS    = 
  CONFIG_COMMANDS = 
  $ ./config.status config.h

on software-install.cngb.sz.hpc

config.status:791: creating config.h
config.status:1013: config.h is unchanged
